TN:
SF:..\..\..\Documents\Launch School\todolist_project\todo.js
FN:2,(anonymous_0)
FN:7,(anonymous_1)
FN:12,(anonymous_2)
FN:16,(anonymous_3)
FN:20,(anonymous_4)
FN:24,(anonymous_5)
FNF:6
FNH:4
FNDA:27,(anonymous_0)
FNDA:3,(anonymous_1)
FNDA:5,(anonymous_2)
FNDA:0,(anonymous_3)
FNDA:9,(anonymous_4)
FNDA:0,(anonymous_5)
DA:3,27
DA:4,27
DA:8,3
DA:9,3
DA:13,5
DA:17,0
DA:21,9
DA:25,0
DA:29,1
DA:30,1
DA:32,1
LF:11
LH:9
BRDA:8,0,0,1
BRDA:8,0,1,2
BRF:2
BRH:2
end_of_record
TN:
SF:..\..\..\Documents\Launch School\todolist_project\todolist.js
FN:4,(anonymous_0)
FN:9,(anonymous_1)
FN:17,(anonymous_2)
FN:21,(anonymous_3)
FN:25,(anonymous_4)
FN:29,(anonymous_5)
FN:34,(anonymous_6)
FN:38,(anonymous_7)
FN:42,(anonymous_8)
FN:43,(anonymous_9)
FN:46,(anonymous_10)
FN:50,(anonymous_11)
FN:54,(anonymous_12)
FN:59,(anonymous_13)
FN:61,(anonymous_14)
FN:65,(anonymous_15)
FN:66,(anonymous_16)
FN:69,(anonymous_17)
FN:71,(anonymous_18)
FN:80,(anonymous_19)
FN:81,(anonymous_20)
FN:84,(anonymous_21)
FN:85,(anonymous_22)
FN:88,(anonymous_23)
FN:89,(anonymous_24)
FN:92,(anonymous_25)
FN:99,(anonymous_26)
FN:100,(anonymous_27)
FN:103,(anonymous_28)
FN:104,(anonymous_29)
FN:107,(anonymous_30)
FN:111,(anonymous_31)
FNF:32
FNH:17
FNDA:10,(anonymous_0)
FNDA:29,(anonymous_1)
FNDA:2,(anonymous_2)
FNDA:1,(anonymous_3)
FNDA:1,(anonymous_4)
FNDA:3,(anonymous_5)
FNDA:1,(anonymous_6)
FNDA:0,(anonymous_7)
FNDA:1,(anonymous_8)
FNDA:3,(anonymous_9)
FNDA:0,(anonymous_10)
FNDA:0,(anonymous_11)
FNDA:0,(anonymous_12)
FNDA:1,(anonymous_13)
FNDA:3,(anonymous_14)
FNDA:2,(anonymous_15)
FNDA:6,(anonymous_16)
FNDA:1,(anonymous_17)
FNDA:3,(anonymous_18)
FNDA:0,(anonymous_19)
FNDA:0,(anonymous_20)
FNDA:0,(anonymous_21)
FNDA:0,(anonymous_22)
FNDA:0,(anonymous_23)
FNDA:0,(anonymous_24)
FNDA:0,(anonymous_25)
FNDA:0,(anonymous_26)
FNDA:0,(anonymous_27)
FNDA:0,(anonymous_28)
FNDA:0,(anonymous_29)
FNDA:2,(anonymous_30)
FNDA:3,(anonymous_31)
DA:1,1
DA:5,10
DA:6,10
DA:10,29
DA:11,1
DA:14,28
DA:18,2
DA:22,1
DA:26,1
DA:30,3
DA:31,2
DA:35,1
DA:39,0
DA:43,3
DA:47,0
DA:51,0
DA:55,0
DA:56,0
DA:60,1
DA:61,3
DA:62,1
DA:66,6
DA:70,1
DA:71,1
DA:72,3
DA:73,1
DA:77,1
DA:81,0
DA:85,0
DA:89,0
DA:93,0
DA:94,0
DA:95,0
DA:100,0
DA:104,0
DA:108,2
DA:112,3
DA:113,1
DA:118,1
LF:39
LH:26
BRDA:10,0,0,1
BRDA:10,0,1,28
BRDA:72,1,0,1
BRDA:72,1,1,2
BRDA:94,2,0,0
BRDA:94,2,1,0
BRDA:112,3,0,1
BRDA:112,3,1,2
BRF:8
BRH:6
end_of_record
